C:\USERS\DELL\DOCUMENTS\VISUAL STUDIO 2012\PROJECTS\FOOTSTEPPLANNING\FOOTSTEPPLANNING\DEBUG\源.OBJ
C:\USERS\DELL\DOCUMENTS\VISUAL STUDIO 2012\PROJECTS\FOOTSTEPPLANNING\FOOTSTEPPLANNING\DEBUG\VC110.PDB
C:\USERS\DELL\DOCUMENTS\VISUAL STUDIO 2012\PROJECTS\FOOTSTEPPLANNING\DEBUG\FOOTSTEPPLANNING.ILK
C:\USERS\DELL\DOCUMENTS\VISUAL STUDIO 2012\PROJECTS\FOOTSTEPPLANNING\DEBUG\FOOTSTEPPLANNING.EXE
C:\USERS\DELL\DOCUMENTS\VISUAL STUDIO 2012\PROJECTS\FOOTSTEPPLANNING\DEBUG\FOOTSTEPPLANNING.PDB
C:\Users\Dell\Documents\Visual Studio 2012\Projects\footstepplanning\footstepplanning\Debug\源.obj
C:\Users\Dell\Documents\Visual Studio 2012\Projects\footstepplanning\footstepplanning\Debug\cl.command.1.tlog
C:\Users\Dell\Documents\Visual Studio 2012\Projects\footstepplanning\footstepplanning\Debug\CL.read.1.tlog
C:\Users\Dell\Documents\Visual Studio 2012\Projects\footstepplanning\footstepplanning\Debug\CL.write.1.tlog
C:\Users\Dell\Documents\Visual Studio 2012\Projects\footstepplanning\footstepplanning\Debug\link-cvtres.read.1.tlog
C:\Users\Dell\Documents\Visual Studio 2012\Projects\footstepplanning\footstepplanning\Debug\link-cvtres.write.1.tlog
C:\Users\Dell\Documents\Visual Studio 2012\Projects\footstepplanning\footstepplanning\Debug\link-rc.read.1.tlog
C:\Users\Dell\Documents\Visual Studio 2012\Projects\footstepplanning\footstepplanning\Debug\link-rc.write.1.tlog
C:\Users\Dell\Documents\Visual Studio 2012\Projects\footstepplanning\footstepplanning\Debug\link.10696-cvtres.read.1.tlog
C:\Users\Dell\Documents\Visual Studio 2012\Projects\footstepplanning\footstepplanning\Debug\link.10696-cvtres.write.1.tlog
C:\Users\Dell\Documents\Visual Studio 2012\Projects\footstepplanning\footstepplanning\Debug\link.10696-rc.read.1.tlog
C:\Users\Dell\Documents\Visual Studio 2012\Projects\footstepplanning\footstepplanning\Debug\link.10696-rc.write.1.tlog
C:\Users\Dell\Documents\Visual Studio 2012\Projects\footstepplanning\footstepplanning\Debug\link.10696.read.1.tlog
C:\Users\Dell\Documents\Visual Studio 2012\Projects\footstepplanning\footstepplanning\Debug\link.10696.write.1.tlog
C:\Users\Dell\Documents\Visual Studio 2012\Projects\footstepplanning\footstepplanning\Debug\link.command.1.tlog
C:\Users\Dell\Documents\Visual Studio 2012\Projects\footstepplanning\footstepplanning\Debug\link.read.1.tlog
C:\Users\Dell\Documents\Visual Studio 2012\Projects\footstepplanning\footstepplanning\Debug\link.write.1.tlog
C:\Users\Dell\Documents\Visual Studio 2012\Projects\footstepplanning\footstepplanning\Debug\vc110.idb
C:\Users\Dell\Documents\Visual Studio 2012\Projects\footstepplanning\footstepplanning\Debug\vc110.pdb
C:\Users\Dell\Documents\Visual Studio 2012\Projects\footstepplanning\Debug\footstepplanning.pdb
C:\Users\Dell\Documents\Visual Studio 2012\Projects\footstepplanning\Debug\footstepplanning.exe
C:\Users\Dell\Documents\Visual Studio 2012\Projects\footstepplanning\Debug\footstepplanning.ilk
